Copyright 1986-2022 Xilinx, Inc. All Rights Reserved. Copyright 2022-2025 Advanced Micro Devices, Inc. All Rights Reserved.
--------------------------------------------------------------------------------------------------------------------------------------------------------------------
| Tool Version : Vivado v.2025.2 (lin64) Build 6299465 Fri Nov 14 12:34:56 MST 2025
| Date         : Thu May 14 15:45:49 2026
| Host         : PranavVinothPC running 64-bit Nobara Linux 43 (GNOME Edition)
| Command      : report_methodology -file MainMethod_methodology_drc_routed.rpt -pb MainMethod_methodology_drc_routed.pb -rpx MainMethod_methodology_drc_routed.rpx
| Design       : MainMethod
| Device       : xc7z020clg400-1
| Speed File   : -1
| Design State : Fully Routed
--------------------------------------------------------------------------------------------------------------------------------------------------------------------

Report Methodology

Table of Contents
-----------------
1. REPORT SUMMARY
2. REPORT DETAILS

1. REPORT SUMMARY
-----------------
            Netlist: netlist
          Floorplan: design_1
      Design limits: <entire design considered>
             Max checks: <unlimited>
             Checks found: 2
+-----------+----------+-------------------------------+--------+
| Rule      | Severity | Description                   | Checks |
+-----------+----------+-------------------------------+--------+
| TIMING-18 | Warning  | Missing input or output delay | 2      |
+-----------+----------+-------------------------------+--------+

2. REPORT DETAILS
-----------------
TIMING-18#1 Warning
Missing input or output delay  
An output delay is missing on cs relative to the rising and/or falling clock edge(s) of sysclk.
Related violations: <none>

TIMING-18#2 Warning
Missing input or output delay  
An output delay is missing on din relative to the rising and/or falling clock edge(s) of sysclk.
Related violations: <none>


